<?xml version="1.0" encoding="UTF-8"?>
<!-- Generated by org.testng.reporters.JUnitReportReporter -->
<testsuite hostname="Arjun" failures="0" tests="5" name="com.automationFramev1.testCases.TC_TestCases" time="61.181" errors="0" timestamp="2024-12-10T12:27:57 IST" skipped="0">
  <testcase classname="com.automationFramev1.testCases.TC_TestCases" name="loginData" time="14.144"/>
  <system-out/>
  <testcase classname="com.automationFramev1.testCases.TC_TestCases" name="loginData" time="12.981"/>
  <system-out/>
  <testcase classname="com.automationFramev1.testCases.TC_TestCases" name="loginData" time="12.596"/>
  <system-out/>
  <testcase classname="com.automationFramev1.testCases.TC_TestCases" name="loginData" time="7.897"/>
  <system-out/>
  <testcase classname="com.automationFramev1.testCases.TC_TestCases" name="loginData" time="13.563"/>
  <system-out/>
</testsuite> <!-- com.automationFramev1.testCases.TC_TestCases -->
