<?xml version="1.0" encoding="UTF-8"?>
<!-- Generated by org.testng.reporters.JUnitReportReporter -->
<testsuite hostname="Arjun" failures="0" tests="1" name="com.automationFramev1.testCases.TC_TestCases_001" time="8.312" errors="0" timestamp="2024-12-10T12:27:57 IST" skipped="0">
  <testcase classname="com.automationFramev1.testCases.TC_TestCases_001" name="testUserRegistration" time="8.312"/>
  <system-out/>
</testsuite> <!-- com.automationFramev1.testCases.TC_TestCases_001 -->
