<?xml version="1.0" encoding="UTF-8"?>
<!-- Generated by org.testng.reporters.JUnitReportReporter -->
<testsuite hostname="Arjun" failures="0" tests="1" name="com.automationFramev1.testCases.TC_TestCases_003" time="28.327" errors="0" timestamp="2024-12-12T18:22:38 IST" skipped="0">
  <testcase classname="com.automationFramev1.testCases.TC_TestCases_003" name="homePageTest" time="28.327"/>
  <system-out/>
</testsuite> <!-- com.automationFramev1.testCases.TC_TestCases_003 -->
