<?xml version="1.0" encoding="UTF-8"?>
<!-- Generated by org.testng.reporters.JUnitReportReporter -->
<testsuite hostname="Arjun" failures="0" tests="5" name="com.automationFramev1.testCases.TC_TestCases_002" time="56.560" errors="0" timestamp="2024-12-11T10:48:00 IST" skipped="0">
  <testcase classname="com.automationFramev1.testCases.TC_TestCases_002" name="loginData" time="12.460"/>
  <system-out/>
  <testcase classname="com.automationFramev1.testCases.TC_TestCases_002" name="loginData" time="12.380"/>
  <system-out/>
  <testcase classname="com.automationFramev1.testCases.TC_TestCases_002" name="loginData" time="4.115"/>
  <system-out/>
  <testcase classname="com.automationFramev1.testCases.TC_TestCases_002" name="loginData" time="14.404"/>
  <system-out/>
  <testcase classname="com.automationFramev1.testCases.TC_TestCases_002" name="loginData" time="13.201"/>
  <system-out/>
</testsuite> <!-- com.automationFramev1.testCases.TC_TestCases_002 -->
