<?xml version="1.0" encoding="UTF-8"?>
<!-- Generated by org.testng.reporters.JUnitReportReporter -->
<testsuite hostname="Arjun" failures="0" tests="5" name="com.automationFramev1.testCases.TC_TestCases_002" time="69.602" errors="0" timestamp="2024-12-12T10:28:02 IST" skipped="0">
  <testcase classname="com.automationFramev1.testCases.TC_TestCases_002" name="loginData" time="14.437"/>
  <system-out/>
  <testcase classname="com.automationFramev1.testCases.TC_TestCases_002" name="loginData" time="13.154"/>
  <system-out/>
  <testcase classname="com.automationFramev1.testCases.TC_TestCases_002" name="loginData" time="16.877"/>
  <system-out/>
  <testcase classname="com.automationFramev1.testCases.TC_TestCases_002" name="loginData" time="13.212"/>
  <system-out/>
  <testcase classname="com.automationFramev1.testCases.TC_TestCases_002" name="loginData" time="11.922"/>
  <system-out/>
</testsuite> <!-- com.automationFramev1.testCases.TC_TestCases_002 -->
