<?xml version="1.0" encoding="UTF-8"?>
<!-- Generated by org.testng.reporters.JUnitReportReporter -->
<testsuite hostname="Arjun" failures="0" tests="1" name="com.automationFramev1.testCases.TC_imagearrivals_005" time="6.836" errors="0" timestamp="2024-12-12T10:28:02 IST" skipped="0">
  <testcase classname="com.automationFramev1.testCases.TC_imagearrivals_005" name="imagearrivals" time="6.836"/>
  <system-out/>
</testsuite> <!-- com.automationFramev1.testCases.TC_imagearrivals_005 -->
